mode: set
github.com/pedrorochaorg/contactsApi/repos/users.go:24.51,26.2 1 1
github.com/pedrorochaorg/contactsApi/repos/users.go:29.72,32.16 2 1
github.com/pedrorochaorg/contactsApi/repos/users.go:36.2,39.18 3 1
github.com/pedrorochaorg/contactsApi/repos/users.go:52.2,52.19 1 1
github.com/pedrorochaorg/contactsApi/repos/users.go:32.16,34.3 1 1
github.com/pedrorochaorg/contactsApi/repos/users.go:39.18,47.17 3 1
github.com/pedrorochaorg/contactsApi/repos/users.go:50.3,50.30 1 1
github.com/pedrorochaorg/contactsApi/repos/users.go:47.17,49.4 1 1
github.com/pedrorochaorg/contactsApi/repos/users.go:56.89,61.16 2 1
github.com/pedrorochaorg/contactsApi/repos/users.go:65.2,74.16 4 1
github.com/pedrorochaorg/contactsApi/repos/users.go:78.2,78.18 1 1
github.com/pedrorochaorg/contactsApi/repos/users.go:61.16,63.3 1 1
github.com/pedrorochaorg/contactsApi/repos/users.go:74.16,76.3 1 1
github.com/pedrorochaorg/contactsApi/repos/users.go:82.89,86.16 2 1
github.com/pedrorochaorg/contactsApi/repos/users.go:90.2,99.16 4 1
github.com/pedrorochaorg/contactsApi/repos/users.go:103.2,103.18 1 1
github.com/pedrorochaorg/contactsApi/repos/users.go:86.16,88.3 1 1
github.com/pedrorochaorg/contactsApi/repos/users.go:99.16,101.3 1 1
github.com/pedrorochaorg/contactsApi/repos/users.go:107.78,109.16 2 1
github.com/pedrorochaorg/contactsApi/repos/users.go:113.2,125.16 5 1
github.com/pedrorochaorg/contactsApi/repos/users.go:129.2,129.18 1 1
github.com/pedrorochaorg/contactsApi/repos/users.go:109.16,111.3 1 1
github.com/pedrorochaorg/contactsApi/repos/users.go:125.16,127.3 1 1
github.com/pedrorochaorg/contactsApi/repos/users.go:133.76,135.16 2 1
github.com/pedrorochaorg/contactsApi/repos/users.go:139.2,140.16 2 1
github.com/pedrorochaorg/contactsApi/repos/users.go:145.2,145.18 1 1
github.com/pedrorochaorg/contactsApi/repos/users.go:135.16,137.3 1 1
github.com/pedrorochaorg/contactsApi/repos/users.go:140.16,143.3 1 0
github.com/pedrorochaorg/contactsApi/db/database.go:25.46,28.2 1 1
github.com/pedrorochaorg/contactsApi/db/database.go:35.41,36.27 1 1
github.com/pedrorochaorg/contactsApi/db/database.go:36.27,38.3 1 1
github.com/pedrorochaorg/contactsApi/db/database.go:42.41,43.27 1 1
github.com/pedrorochaorg/contactsApi/db/database.go:43.27,45.3 1 1
github.com/pedrorochaorg/contactsApi/db/database.go:49.49,50.27 1 1
github.com/pedrorochaorg/contactsApi/db/database.go:50.27,52.3 1 1
github.com/pedrorochaorg/contactsApi/db/database.go:56.49,57.27 1 1
github.com/pedrorochaorg/contactsApi/db/database.go:57.27,59.3 1 1
github.com/pedrorochaorg/contactsApi/db/database.go:63.49,64.27 1 1
github.com/pedrorochaorg/contactsApi/db/database.go:64.27,66.3 1 1
github.com/pedrorochaorg/contactsApi/db/database.go:70.47,71.27 1 1
github.com/pedrorochaorg/contactsApi/db/database.go:71.27,73.3 1 1
github.com/pedrorochaorg/contactsApi/db/database.go:77.60,80.27 2 1
github.com/pedrorochaorg/contactsApi/db/database.go:84.2,84.19 1 1
github.com/pedrorochaorg/contactsApi/db/database.go:80.27,82.3 1 1
github.com/pedrorochaorg/contactsApi/obj/contact.go:19.34,24.2 1 1
github.com/pedrorochaorg/contactsApi/obj/user.go:17.31,20.2 1 1
github.com/pedrorochaorg/contactsApi/api/api.go:25.30,40.2 8 0
github.com/pedrorochaorg/contactsApi/api/api.go:42.31,45.41 2 0
github.com/pedrorochaorg/contactsApi/api/api.go:45.41,47.17 2 0
github.com/pedrorochaorg/contactsApi/api/api.go:47.17,49.4 1 0
github.com/pedrorochaorg/contactsApi/api/api.go:56.70,69.16 6 1
github.com/pedrorochaorg/contactsApi/api/api.go:69.16,73.3 3 0
github.com/pedrorochaorg/contactsApi/api/api.go:77.71,90.16 6 1
github.com/pedrorochaorg/contactsApi/api/api.go:90.16,94.3 3 0
github.com/pedrorochaorg/contactsApi/api/objects.go:23.90,25.35 1 1
github.com/pedrorochaorg/contactsApi/api/objects.go:29.2,29.70 1 1
github.com/pedrorochaorg/contactsApi/api/objects.go:33.2,33.16 1 1
github.com/pedrorochaorg/contactsApi/api/objects.go:42.2,58.4 3 1
github.com/pedrorochaorg/contactsApi/api/objects.go:25.35,27.3 1 1
github.com/pedrorochaorg/contactsApi/api/objects.go:29.70,31.3 1 1
github.com/pedrorochaorg/contactsApi/api/objects.go:33.16,39.3 1 1
github.com/pedrorochaorg/contactsApi/api/objects.go:76.31,78.2 1 1
github.com/pedrorochaorg/contactsApi/api/objects.go:90.50,91.22 1 1
github.com/pedrorochaorg/contactsApi/api/objects.go:96.2,96.11 1 1
github.com/pedrorochaorg/contactsApi/api/objects.go:91.22,92.15 1 1
github.com/pedrorochaorg/contactsApi/api/objects.go:92.15,94.4 1 1
github.com/pedrorochaorg/contactsApi/api/objects.go:108.82,110.35 1 1
github.com/pedrorochaorg/contactsApi/api/objects.go:114.2,114.70 1 1
github.com/pedrorochaorg/contactsApi/api/objects.go:120.2,123.28 2 1
github.com/pedrorochaorg/contactsApi/api/objects.go:164.2,164.54 1 1
github.com/pedrorochaorg/contactsApi/api/objects.go:110.35,112.3 1 1
github.com/pedrorochaorg/contactsApi/api/objects.go:114.70,116.3 1 1
github.com/pedrorochaorg/contactsApi/api/objects.go:123.28,129.55 1 1
github.com/pedrorochaorg/contactsApi/api/objects.go:135.3,135.33 1 1
github.com/pedrorochaorg/contactsApi/api/objects.go:147.3,153.10 2 1
github.com/pedrorochaorg/contactsApi/api/objects.go:159.3,159.85 1 1
github.com/pedrorochaorg/contactsApi/api/objects.go:129.55,131.4 1 1
github.com/pedrorochaorg/contactsApi/api/objects.go:135.33,136.12 1 1
github.com/pedrorochaorg/contactsApi/api/objects.go:153.10,154.12 1 1
github.com/pedrorochaorg/contactsApi/api/objects.go:159.85,161.4 1 1
github.com/pedrorochaorg/contactsApi/api/objects.go:167.61,168.54 1 1
github.com/pedrorochaorg/contactsApi/api/objects.go:172.2,172.44 1 1
github.com/pedrorochaorg/contactsApi/api/objects.go:168.54,170.3 1 1
github.com/pedrorochaorg/contactsApi/api/objects.go:180.27,184.56 1 1
github.com/pedrorochaorg/contactsApi/api/objects.go:188.2,192.42 3 1
github.com/pedrorochaorg/contactsApi/api/objects.go:209.2,209.90 1 1
github.com/pedrorochaorg/contactsApi/api/objects.go:184.56,186.3 1 1
github.com/pedrorochaorg/contactsApi/api/objects.go:192.42,197.18 2 1
github.com/pedrorochaorg/contactsApi/api/objects.go:204.3,204.39 1 1
github.com/pedrorochaorg/contactsApi/api/objects.go:197.18,199.12 2 1
github.com/pedrorochaorg/contactsApi/api/objects.go:215.73,218.35 1 1
github.com/pedrorochaorg/contactsApi/api/objects.go:235.2,235.8 1 1
github.com/pedrorochaorg/contactsApi/api/objects.go:218.35,219.21 1 1
github.com/pedrorochaorg/contactsApi/api/objects.go:226.3,226.52 1 1
github.com/pedrorochaorg/contactsApi/api/objects.go:233.3,233.64 1 1
github.com/pedrorochaorg/contactsApi/api/objects.go:219.21,220.12 1 1
github.com/pedrorochaorg/contactsApi/api/objects.go:226.52,229.12 3 1
github.com/pedrorochaorg/contactsApi/api/users.go:27.53,41.2 9 1
github.com/pedrorochaorg/contactsApi/api/users.go:43.73,47.57 2 1
github.com/pedrorochaorg/contactsApi/api/users.go:51.2,55.16 3 1
github.com/pedrorochaorg/contactsApi/api/users.go:60.2,60.60 1 1
github.com/pedrorochaorg/contactsApi/api/users.go:47.57,49.3 1 0
github.com/pedrorochaorg/contactsApi/api/users.go:55.16,58.3 2 0
github.com/pedrorochaorg/contactsApi/api/users.go:64.70,67.16 2 0
github.com/pedrorochaorg/contactsApi/api/users.go:72.2,76.3 1 0
github.com/pedrorochaorg/contactsApi/api/users.go:67.16,70.3 2 0
github.com/pedrorochaorg/contactsApi/api/users.go:80.71,83.16 3 1
github.com/pedrorochaorg/contactsApi/api/users.go:88.2,89.16 2 1
github.com/pedrorochaorg/contactsApi/api/users.go:94.2,98.3 1 1
github.com/pedrorochaorg/contactsApi/api/users.go:83.16,86.3 2 1
github.com/pedrorochaorg/contactsApi/api/users.go:89.16,92.3 2 0
github.com/pedrorochaorg/contactsApi/api/users.go:102.68,105.16 2 1
github.com/pedrorochaorg/contactsApi/api/users.go:110.2,111.16 2 1
github.com/pedrorochaorg/contactsApi/api/users.go:116.2,120.3 1 1
github.com/pedrorochaorg/contactsApi/api/users.go:105.16,108.3 2 1
github.com/pedrorochaorg/contactsApi/api/users.go:111.16,114.3 2 1
github.com/pedrorochaorg/contactsApi/api/users.go:124.71,127.16 2 1
github.com/pedrorochaorg/contactsApi/api/users.go:132.2,133.16 2 1
github.com/pedrorochaorg/contactsApi/api/users.go:138.2,140.16 3 1
github.com/pedrorochaorg/contactsApi/api/users.go:145.2,149.16 4 1
github.com/pedrorochaorg/contactsApi/api/users.go:154.2,158.3 1 1
github.com/pedrorochaorg/contactsApi/api/users.go:127.16,130.3 2 1
github.com/pedrorochaorg/contactsApi/api/users.go:133.16,136.3 2 1
github.com/pedrorochaorg/contactsApi/api/users.go:140.16,143.3 2 1
github.com/pedrorochaorg/contactsApi/api/users.go:149.16,152.3 2 0
github.com/pedrorochaorg/contactsApi/api/users.go:163.71,166.16 2 1
github.com/pedrorochaorg/contactsApi/api/users.go:171.2,172.16 2 1
github.com/pedrorochaorg/contactsApi/api/users.go:177.2,178.16 2 1
github.com/pedrorochaorg/contactsApi/api/users.go:183.2,187.3 1 1
github.com/pedrorochaorg/contactsApi/api/users.go:166.16,169.3 2 1
github.com/pedrorochaorg/contactsApi/api/users.go:172.16,175.3 2 1
github.com/pedrorochaorg/contactsApi/api/users.go:178.16,181.3 2 0
github.com/pedrorochaorg/contactsApi/api/users.go:192.76,195.16 2 0
github.com/pedrorochaorg/contactsApi/api/users.go:200.2,201.16 2 0
github.com/pedrorochaorg/contactsApi/api/users.go:206.2,209.16 3 0
github.com/pedrorochaorg/contactsApi/api/users.go:214.2,218.3 1 0
github.com/pedrorochaorg/contactsApi/api/users.go:195.16,198.3 2 0
github.com/pedrorochaorg/contactsApi/api/users.go:201.16,204.3 2 0
github.com/pedrorochaorg/contactsApi/api/users.go:209.16,212.3 2 0
