mode: set
github.com/pedrorochaorg/contactsApi/obj/contact.go:19.34,24.2 1 1
github.com/pedrorochaorg/contactsApi/obj/user.go:17.31,20.2 1 1
github.com/pedrorochaorg/contactsApi/repos/users.go:24.51,26.2 1 1
github.com/pedrorochaorg/contactsApi/repos/users.go:29.72,32.16 2 1
github.com/pedrorochaorg/contactsApi/repos/users.go:36.2,39.18 3 1
github.com/pedrorochaorg/contactsApi/repos/users.go:52.2,52.19 1 1
github.com/pedrorochaorg/contactsApi/repos/users.go:32.16,34.3 1 1
github.com/pedrorochaorg/contactsApi/repos/users.go:39.18,47.17 3 1
github.com/pedrorochaorg/contactsApi/repos/users.go:50.3,50.30 1 1
github.com/pedrorochaorg/contactsApi/repos/users.go:47.17,49.4 1 1
github.com/pedrorochaorg/contactsApi/repos/users.go:56.89,61.16 2 1
github.com/pedrorochaorg/contactsApi/repos/users.go:65.2,74.16 4 1
github.com/pedrorochaorg/contactsApi/repos/users.go:78.2,78.18 1 1
github.com/pedrorochaorg/contactsApi/repos/users.go:61.16,63.3 1 1
github.com/pedrorochaorg/contactsApi/repos/users.go:74.16,76.3 1 1
github.com/pedrorochaorg/contactsApi/repos/users.go:82.89,86.16 2 1
github.com/pedrorochaorg/contactsApi/repos/users.go:90.2,99.16 4 1
github.com/pedrorochaorg/contactsApi/repos/users.go:103.2,103.18 1 1
github.com/pedrorochaorg/contactsApi/repos/users.go:86.16,88.3 1 1
github.com/pedrorochaorg/contactsApi/repos/users.go:99.16,101.3 1 1
github.com/pedrorochaorg/contactsApi/repos/users.go:107.80,109.16 2 1
github.com/pedrorochaorg/contactsApi/repos/users.go:113.2,125.16 5 1
github.com/pedrorochaorg/contactsApi/repos/users.go:129.2,129.18 1 1
github.com/pedrorochaorg/contactsApi/repos/users.go:109.16,111.3 1 1
github.com/pedrorochaorg/contactsApi/repos/users.go:125.16,127.3 1 1
github.com/pedrorochaorg/contactsApi/repos/users.go:133.78,135.16 2 1
github.com/pedrorochaorg/contactsApi/repos/users.go:139.2,140.16 2 1
github.com/pedrorochaorg/contactsApi/repos/users.go:145.2,145.18 1 1
github.com/pedrorochaorg/contactsApi/repos/users.go:135.16,137.3 1 1
github.com/pedrorochaorg/contactsApi/repos/users.go:140.16,143.3 1 0
github.com/pedrorochaorg/contactsApi/db/database.go:25.46,28.2 1 1
github.com/pedrorochaorg/contactsApi/db/database.go:35.41,36.27 1 1
github.com/pedrorochaorg/contactsApi/db/database.go:36.27,38.3 1 1
github.com/pedrorochaorg/contactsApi/db/database.go:42.41,43.27 1 1
github.com/pedrorochaorg/contactsApi/db/database.go:43.27,45.3 1 1
github.com/pedrorochaorg/contactsApi/db/database.go:49.49,50.27 1 1
github.com/pedrorochaorg/contactsApi/db/database.go:50.27,52.3 1 1
github.com/pedrorochaorg/contactsApi/db/database.go:56.49,57.27 1 1
github.com/pedrorochaorg/contactsApi/db/database.go:57.27,59.3 1 1
github.com/pedrorochaorg/contactsApi/db/database.go:63.49,64.27 1 1
github.com/pedrorochaorg/contactsApi/db/database.go:64.27,66.3 1 1
github.com/pedrorochaorg/contactsApi/db/database.go:70.47,71.27 1 1
github.com/pedrorochaorg/contactsApi/db/database.go:71.27,73.3 1 1
github.com/pedrorochaorg/contactsApi/db/database.go:77.60,80.27 2 1
github.com/pedrorochaorg/contactsApi/db/database.go:84.2,84.19 1 1
github.com/pedrorochaorg/contactsApi/db/database.go:80.27,82.3 1 1
github.com/pedrorochaorg/contactsApi/api/api.go:25.30,40.2 8 0
github.com/pedrorochaorg/contactsApi/api/api.go:42.31,45.41 2 0
github.com/pedrorochaorg/contactsApi/api/api.go:45.41,47.17 2 0
github.com/pedrorochaorg/contactsApi/api/api.go:47.17,49.4 1 0
github.com/pedrorochaorg/contactsApi/api/api.go:56.70,69.16 6 0
github.com/pedrorochaorg/contactsApi/api/api.go:69.16,73.3 3 0
github.com/pedrorochaorg/contactsApi/api/api.go:77.71,90.16 6 0
github.com/pedrorochaorg/contactsApi/api/api.go:90.16,94.3 3 0
github.com/pedrorochaorg/contactsApi/api/objects.go:23.90,25.35 1 1
github.com/pedrorochaorg/contactsApi/api/objects.go:29.2,29.70 1 1
github.com/pedrorochaorg/contactsApi/api/objects.go:33.2,33.16 1 1
github.com/pedrorochaorg/contactsApi/api/objects.go:42.2,58.4 3 1
github.com/pedrorochaorg/contactsApi/api/objects.go:25.35,27.3 1 1
github.com/pedrorochaorg/contactsApi/api/objects.go:29.70,31.3 1 1
github.com/pedrorochaorg/contactsApi/api/objects.go:33.16,39.3 1 1
github.com/pedrorochaorg/contactsApi/api/objects.go:76.31,78.2 1 1
github.com/pedrorochaorg/contactsApi/api/objects.go:90.50,91.22 1 1
github.com/pedrorochaorg/contactsApi/api/objects.go:96.2,96.11 1 1
github.com/pedrorochaorg/contactsApi/api/objects.go:91.22,92.15 1 1
github.com/pedrorochaorg/contactsApi/api/objects.go:92.15,94.4 1 1
github.com/pedrorochaorg/contactsApi/api/objects.go:108.82,110.35 1 1
github.com/pedrorochaorg/contactsApi/api/objects.go:114.2,114.70 1 1
github.com/pedrorochaorg/contactsApi/api/objects.go:120.2,123.28 2 1
github.com/pedrorochaorg/contactsApi/api/objects.go:164.2,164.54 1 1
github.com/pedrorochaorg/contactsApi/api/objects.go:110.35,112.3 1 1
github.com/pedrorochaorg/contactsApi/api/objects.go:114.70,116.3 1 1
github.com/pedrorochaorg/contactsApi/api/objects.go:123.28,129.55 1 1
github.com/pedrorochaorg/contactsApi/api/objects.go:135.3,135.33 1 1
github.com/pedrorochaorg/contactsApi/api/objects.go:147.3,153.10 2 1
github.com/pedrorochaorg/contactsApi/api/objects.go:159.3,159.89 1 1
github.com/pedrorochaorg/contactsApi/api/objects.go:129.55,131.4 1 1
github.com/pedrorochaorg/contactsApi/api/objects.go:135.33,136.12 1 1
github.com/pedrorochaorg/contactsApi/api/objects.go:153.10,154.12 1 1
github.com/pedrorochaorg/contactsApi/api/objects.go:159.89,161.4 1 1
github.com/pedrorochaorg/contactsApi/api/objects.go:171.27,175.56 1 1
github.com/pedrorochaorg/contactsApi/api/objects.go:179.2,183.42 3 1
github.com/pedrorochaorg/contactsApi/api/objects.go:200.2,200.90 1 1
github.com/pedrorochaorg/contactsApi/api/objects.go:175.56,177.3 1 1
github.com/pedrorochaorg/contactsApi/api/objects.go:183.42,188.18 2 1
github.com/pedrorochaorg/contactsApi/api/objects.go:195.3,195.39 1 1
github.com/pedrorochaorg/contactsApi/api/objects.go:188.18,190.12 2 1
github.com/pedrorochaorg/contactsApi/api/objects.go:206.73,209.35 1 1
github.com/pedrorochaorg/contactsApi/api/objects.go:226.2,226.8 1 1
github.com/pedrorochaorg/contactsApi/api/objects.go:209.35,210.21 1 1
github.com/pedrorochaorg/contactsApi/api/objects.go:217.3,217.52 1 1
github.com/pedrorochaorg/contactsApi/api/objects.go:224.3,224.64 1 1
github.com/pedrorochaorg/contactsApi/api/objects.go:210.21,211.12 1 1
github.com/pedrorochaorg/contactsApi/api/objects.go:217.52,220.12 3 1
github.com/pedrorochaorg/contactsApi/api/users.go:27.53,46.2 13 0
github.com/pedrorochaorg/contactsApi/api/users.go:48.73,52.37 2 0
github.com/pedrorochaorg/contactsApi/api/users.go:56.2,60.16 3 0
github.com/pedrorochaorg/contactsApi/api/users.go:65.2,65.60 1 0
github.com/pedrorochaorg/contactsApi/api/users.go:52.37,54.3 1 0
github.com/pedrorochaorg/contactsApi/api/users.go:60.16,63.3 2 0
github.com/pedrorochaorg/contactsApi/api/users.go:69.70,72.16 2 0
github.com/pedrorochaorg/contactsApi/api/users.go:77.2,81.3 1 0
github.com/pedrorochaorg/contactsApi/api/users.go:72.16,75.3 2 0
github.com/pedrorochaorg/contactsApi/api/users.go:85.71,88.16 3 0
github.com/pedrorochaorg/contactsApi/api/users.go:93.2,94.16 2 0
github.com/pedrorochaorg/contactsApi/api/users.go:99.2,103.3 1 0
github.com/pedrorochaorg/contactsApi/api/users.go:88.16,91.3 2 0
github.com/pedrorochaorg/contactsApi/api/users.go:94.16,97.3 2 0
github.com/pedrorochaorg/contactsApi/api/users.go:107.68,110.16 2 0
github.com/pedrorochaorg/contactsApi/api/users.go:115.2,116.16 2 0
github.com/pedrorochaorg/contactsApi/api/users.go:121.2,125.3 1 0
github.com/pedrorochaorg/contactsApi/api/users.go:110.16,113.3 2 0
github.com/pedrorochaorg/contactsApi/api/users.go:116.16,119.3 2 0
github.com/pedrorochaorg/contactsApi/api/users.go:129.71,132.16 2 0
github.com/pedrorochaorg/contactsApi/api/users.go:137.2,138.16 2 0
github.com/pedrorochaorg/contactsApi/api/users.go:143.2,145.16 3 0
github.com/pedrorochaorg/contactsApi/api/users.go:150.2,154.16 4 0
github.com/pedrorochaorg/contactsApi/api/users.go:159.2,163.3 1 0
github.com/pedrorochaorg/contactsApi/api/users.go:132.16,135.3 2 0
github.com/pedrorochaorg/contactsApi/api/users.go:138.16,141.3 2 0
github.com/pedrorochaorg/contactsApi/api/users.go:145.16,148.3 2 0
github.com/pedrorochaorg/contactsApi/api/users.go:154.16,157.3 2 0
github.com/pedrorochaorg/contactsApi/api/users.go:168.71,171.16 2 0
github.com/pedrorochaorg/contactsApi/api/users.go:176.2,177.16 2 0
github.com/pedrorochaorg/contactsApi/api/users.go:182.2,183.16 2 0
github.com/pedrorochaorg/contactsApi/api/users.go:188.2,192.3 1 0
github.com/pedrorochaorg/contactsApi/api/users.go:171.16,174.3 2 0
github.com/pedrorochaorg/contactsApi/api/users.go:177.16,180.3 2 0
github.com/pedrorochaorg/contactsApi/api/users.go:183.16,186.3 2 0
github.com/pedrorochaorg/contactsApi/api/users.go:197.76,200.16 2 0
github.com/pedrorochaorg/contactsApi/api/users.go:205.2,206.16 2 0
github.com/pedrorochaorg/contactsApi/api/users.go:211.2,214.16 3 0
github.com/pedrorochaorg/contactsApi/api/users.go:219.2,223.3 1 0
github.com/pedrorochaorg/contactsApi/api/users.go:200.16,203.3 2 0
github.com/pedrorochaorg/contactsApi/api/users.go:206.16,209.3 2 0
github.com/pedrorochaorg/contactsApi/api/users.go:214.16,217.3 2 0
